<?xml version="1.0" encoding="UTF-8"?>
<testng-results ignored="0" total="1" passed="1" failed="0" skipped="0">
  <reporter-output>
  </reporter-output>
  <suite started-at="2025-08-22T14:44:43 IST" name="Default suite" finished-at="2025-08-22T14:45:35 IST" duration-ms="51451">
    <groups>
    </groups>
    <test started-at="2025-08-22T14:44:43 IST" name="Default test" finished-at="2025-08-22T14:45:35 IST" duration-ms="51451">
      <class name="TestNGLearning.ReadDataFromPropertyFile">
        <test-method signature="f()[pri:0, instance:TestNGLearning.ReadDataFromPropertyFile@28701274]" started-at="2025-08-22T14:44:43 IST" name="f" finished-at="2025-08-22T14:45:35 IST" duration-ms="51383" status="PASS">
          <reporter-output>
          </reporter-output>
        </test-method> <!-- f -->
      </class> <!-- TestNGLearning.ReadDataFromPropertyFile -->
    </test> <!-- Default test -->
  </suite> <!-- Default suite -->
</testng-results>
