<?xml version="1.0" encoding="UTF-8"?>
<!-- Generated by org.testng.reporters.JUnitXMLReporter -->
<testsuite ignored="2" hostname="CPDK034" failures="0" tests="1" name="Test(failed)(failed)(failed)" time="11.912" errors="0" timestamp="2025-08-22T12:34:08 IST">
  <testcase classname="TestNGLearning.ParallelExecution" name="LoginChrome" time="11.818"/>
  <testcase classname="TestNGLearning.ParallelExecution" name="LoginFirefox" time="0.0">
    <ignored/>
  </testcase> <!-- LoginFirefox -->
  <testcase classname="TestNGLearning.ParallelExecution" name="LoginEdge" time="0.0">
    <ignored/>
  </testcase> <!-- LoginEdge -->
</testsuite> <!-- Test(failed)(failed)(failed) -->
