<?xml version="1.0" encoding="UTF-8"?>
<!-- Generated by org.testng.reporters.JUnitXMLReporter -->
<testsuite ignored="3" hostname="CPDK034" failures="0" tests="2" name="Test" time="0.094" errors="0" timestamp="2025-08-22T12:48:30 IST">
  <testcase classname="TestNGLearning.GroupDemo" name="d4" time="0.019"/>
  <testcase classname="TestNGLearning.GroupDemo" name="e5" time="0.002"/>
  <testcase classname="TestNGLearning.GroupDemo" name="c3" time="0.0">
    <ignored/>
  </testcase> <!-- c3 -->
  <testcase classname="TestNGLearning.GroupDemo" name="a1" time="0.0">
    <ignored/>
  </testcase> <!-- a1 -->
  <testcase classname="TestNGLearning.GroupDemo" name="b2" time="0.0">
    <ignored/>
  </testcase> <!-- b2 -->
</testsuite> <!-- Test -->
